# JRE version: OpenJDK Runtime Environment Corretto-11.0.17.8.1 (11.0.17+8) (build 11.0.17+8-LTS)
# Java VM: OpenJDK 64-Bit Server VM Corretto-11.0.17.8.1 (11.0.17+8-LTS, mixed mode, tiered, compressed oops, g1 gc, windows-amd64)
Heap:
 garbage-first heap   total 260096K, used 17940K [0x00000000e0000000, 0x0000000100000000)
  region size 1024K, 11 young (11264K), 3 survivors (3072K)
 Metaspace       used 24393K, capacity 25128K, committed 25344K, reserved 1071104K
  class space    used 2710K, capacity 2991K, committed 3072K, reserved 1048576K
GC Heap History (6 events):
Event: 0.966 GC heap before
{Heap before GC invocations=0 (full 0):
 garbage-first heap   total 260096K, used 23552K [0x00000000e0000000, 0x0000000100000000)
  region size 1024K, 24 young (24576K), 0 survivors (0K)
 Metaspace       used 13287K, capacity 13591K, committed 13824K, reserved 1060864K
  class space    used 1379K, capacity 1479K, committed 1536K, reserved 1048576K
}
Event: 0.969 GC heap after
{Heap after GC invocations=1 (full 0):
 garbage-first heap   total 260096K, used 7611K [0x00000000e0000000, 0x0000000100000000)
  region size 1024K, 3 young (3072K), 3 survivors (3072K)
 Metaspace       used 13287K, capacity 13591K, committed 13824K, reserved 1060864K
  class space    used 1379K, capacity 1479K, committed 1536K, reserved 1048576K
}
Event: 1.397 GC heap before
{Heap before GC invocations=1 (full 0):
 garbage-first heap   total 260096K, used 42427K [0x00000000e0000000, 0x0000000100000000)
  region size 1024K, 38 young (38912K), 3 survivors (3072K)
 Metaspace       used 20487K, capacity 21183K, committed 21248K, reserved 1069056K
  class space    used 2282K, capacity 2531K, committed 2560K, reserved 1048576K
}
Event: 1.400 GC heap after
{Heap after GC invocations=2 (full 0):
 garbage-first heap   total 260096K, used 8845K [0x00000000e0000000, 0x0000000100000000)
  region size 1024K, 5 young (5120K), 5 survivors (5120K)
 Metaspace       used 20487K, capacity 21183K, committed 21248K, reserved 1069056K
  class space    used 2282K, capacity 2531K, committed 2560K, reserved 1048576K
}
Event: 1.598 GC heap before
{Heap before GC invocations=3 (full 0):
 garbage-first heap   total 260096K, used 23181K [0x00000000e0000000, 0x0000000100000000)
  region size 1024K, 19 young (19456K), 5 survivors (5120K)
 Metaspace       used 23714K, capacity 24444K, committed 24704K, reserved 1071104K
  class space    used 2611K, capacity 2891K, committed 2944K, reserved 1048576K
}
Event: 1.601 GC heap after
{Heap after GC invocations=4 (full 0):
 garbage-first heap   total 260096K, used 10772K [0x00000000e0000000, 0x0000000100000000)
  region size 1024K, 3 young (3072K), 3 survivors (3072K)
 Metaspace       used 23714K, capacity 24444K, committed 24704K, reserved 1071104K
  class space    used 2611K, capacity 2891K, committed 2944K, reserved 1048576K
}

